 STAGE No, ROW No, No. BLADES           1           1          69
 STAGE No, ROW No, No. BLADES           1           2          86

 *****************************************************
  CONDITIONS FOR THE FIRST BLADE ROW OF THE STAGE. 
  THIS IS A TURBINE STATOR 
 *****************************************************
 FIRST BLADE INLET AND EXIT ANGLES   -39.8056068       62.7839432    
  FIRST BLADE AXIAL VELOCITY        136.612930    
  FIRST BLADE INLET MACH NUMBER    0.490680486    
  FIRST BLADE EXIT MACH NUMBER     0.868072748    
  FIRST BLADE EXIT DENSITY          26.2083111    
  FIRST BLADE EXIT PRESSURE         21.4133453    
  FIRST BLADE INLET STAGN PRESS     37.8599968    
  FIRST BLADE EXIT STAGN PRESS      35.4621010    
  FIRST BLADE REL INLET STAG PRES   37.8599968    
  FIRST BLADE EXIT TEMPERATURE      284.635620    
  FIRST BLADE EXIT STAGN TEMP       332.810913    
  FIRST BLADE TIP RADIUS =         0.484024882    
  FIRST BLADE INLET SPAN =          2.00635218E-03
  FIRST BLADE AXIAL CHORD=          5.00000007E-02
  FIRST BLADE ASPECT RATIO =        4.01270427E-02
  FIRST BLADE PITCH =               4.38796356E-02
 *****************************************************
  CONDITIONS FOR THE SECOND BLADE ROW OF THE STAGE.
  THIS IS A TURBINE ROTOR 
 *****************************************************
  SECOND BLADE INLET AND EXIT ANGLES    39.8056107      -62.7839432    
  SECOND BLADE AXIAL VELOCITY       136.612930    
  SECOND BLADE INLET MACH NUMBER   0.516792953    
  SECOND BLADE EXIT MACH NUMBER    0.919775963    
  SECOND BLADE DENSITY              18.9739056    
  SECOND BLADE EXIT PRESSURE        13.8086271    
  SECOND BLADE INLET STAGN PRES.    35.4621010    
  SECOND BLADE REL INLET STAG PR.   25.8408470    
  SECOND BLADE ROW EXIT STAG PRES   17.0398331    
  SECOND BLADE TEMPERATURE          253.534760    
  SECOND BLADE STAGN EXIT TEMP.     270.609161    
  SECOND BLADE TIP RADIUS =        0.484758258    
  SECOND BLADE EXIT SPAN =          2.74017476E-03
  SECOND BLADE AXIAL CHORD =        4.00000066E-02
  SECOND BLADE ASPECT RATIO=        6.85043558E-02
  SECOND BLADE PITCH =              3.49306241E-02
 *****************************************************
 *****************************************************

  THE RADII THROUGH THE STAGE ARE -  
ROW 1 HUB RADIUS   0.4823  ROW 1 TIP RADIUS   0.4840  ROW 2 HUB RADIUS   0.4820  ROW 2 TIP RADIUS   0.4843


