 STAGE No, ROW No, No. BLADES           1           1         106
 STAGE No, ROW No, No. BLADES           1           2         127

 *****************************************************
  CONDITIONS FOR THE FIRST BLADE ROW OF THE STAGE. 
  THIS IS A TURBINE STATOR 
 *****************************************************
 FIRST BLADE INLET AND EXIT ANGLES    6.34019661       45.0000381    
  FIRST BLADE AXIAL VELOCITY        324.604706    
  FIRST BLADE INLET MACH NUMBER    0.965243518    
  FIRST BLADE EXIT MACH NUMBER      1.52080965    
  FIRST BLADE EXIT DENSITY          13.5059843    
  FIRST BLADE EXIT PRESSURE         8.49148941    
  FIRST BLADE INLET STAGN PRESS     37.8599930    
  FIRST BLADE EXIT STAGN PRESS      32.7458649    
  FIRST BLADE REL INLET STAG PRES   37.8599930    
  FIRST BLADE EXIT TEMPERATURE      219.028870    
  FIRST BLADE EXIT STAGN TEMP       332.810913    
  FIRST BLADE TIP RADIUS =          1.14826083    
  FIRST BLADE INLET SPAN =          6.01300271E-04
  FIRST BLADE AXIAL CHORD=          5.00000007E-02
  FIRST BLADE ASPECT RATIO =        1.20260054E-02
  FIRST BLADE PITCH =               6.75316975E-02
 *****************************************************
  CONDITIONS FOR THE SECOND BLADE ROW OF THE STAGE.
  THIS IS A TURBINE ROTOR 
 *****************************************************
  SECOND BLADE INLET AND EXIT ANGLES   -6.34019995      -45.0000381    
  SECOND BLADE AXIAL VELOCITY       324.604706    
  SECOND BLADE INLET MACH NUMBER    1.08199251    
  SECOND BLADE EXIT MACH NUMBER     1.76378119    
  SECOND BLADE DENSITY              6.03827477    
  SECOND BLADE EXIT PRESSURE        2.82247949    
  SECOND BLADE INLET STAGN PRES.    32.7458649    
  SECOND BLADE REL INLET STAG PR.   18.0329094    
  SECOND BLADE ROW EXIT STAG PRES   7.49750376    
  SECOND BLADE TEMPERATURE          162.840225    
  SECOND BLADE STAGN EXIT TEMP.     220.433594    
  SECOND BLADE TIP RADIUS =         1.14893925    
  SECOND BLADE EXIT SPAN =          1.28013408E-03
  SECOND BLADE AXIAL CHORD =        4.00000066E-02
  SECOND BLADE ASPECT RATIO=        3.20033468E-02
  SECOND BLADE PITCH =              5.65033518E-02
 *****************************************************
 *****************************************************

  THE RADII THROUGH THE STAGE ARE -  
ROW 1 HUB RADIUS   1.1478  ROW 1 TIP RADIUS   1.1483  ROW 2 HUB RADIUS   1.1477  ROW 2 TIP RADIUS   1.1485


