 STAGE No, ROW No, No. BLADES           1           1          79
 STAGE No, ROW No, No. BLADES           1           2         100

 *****************************************************
  CONDITIONS FOR THE FIRST BLADE ROW OF THE STAGE. 
  THIS IS A TURBINE STATOR 
 *****************************************************
 FIRST BLADE INLET AND EXIT ANGLES    11.3099413       60.9454460    
  FIRST BLADE AXIAL VELOCITY        134.166565    
  FIRST BLADE INLET MACH NUMBER    0.373435110    
  FIRST BLADE EXIT MACH NUMBER     0.793208838    
  FIRST BLADE EXIT DENSITY          27.6577511    
  FIRST BLADE EXIT PRESSURE         23.1506901    
  FIRST BLADE INLET STAGN PRESS     37.8600006    
  FIRST BLADE EXIT STAGN PRESS      35.4620934    
  FIRST BLADE REL INLET STAG PRES   37.8600006    
  FIRST BLADE EXIT TEMPERATURE      291.602234    
  FIRST BLADE EXIT STAGN TEMP       332.810913    
  FIRST BLADE TIP RADIUS =         0.854600728    
  FIRST BLADE INLET SPAN =          1.09757285E-03
  FIRST BLADE AXIAL CHORD=          5.00000007E-02
  FIRST BLADE ASPECT RATIO =        2.19514575E-02
  FIRST BLADE PITCH =               6.71394393E-02
 *****************************************************
  CONDITIONS FOR THE SECOND BLADE ROW OF THE STAGE.
  THIS IS A TURBINE ROTOR 
 *****************************************************
  SECOND BLADE INLET AND EXIT ANGLES   -11.3099442      -60.9454460    
  SECOND BLADE AXIAL VELOCITY       134.166565    
  SECOND BLADE INLET MACH NUMBER   0.392845064    
  SECOND BLADE EXIT MACH NUMBER    0.839224100    
  SECOND BLADE DENSITY              20.1541138    
  SECOND BLADE EXIT PRESSURE        15.0705795    
  SECOND BLADE INLET STAGN PRES.    35.4620934    
  SECOND BLADE REL INLET STAG PR.   25.8408546    
  SECOND BLADE ROW EXIT STAG PRES   17.0398426    
  SECOND BLADE TEMPERATURE          260.501373    
  SECOND BLADE STAGN EXIT TEMP.     270.609161    
  SECOND BLADE TIP RADIUS =        0.854992926    
  SECOND BLADE EXIT SPAN =          1.49001041E-03
  SECOND BLADE AXIAL CHORD =        4.00000066E-02
  SECOND BLADE ASPECT RATIO=        3.72502543E-02
  SECOND BLADE PITCH =              5.31853102E-02
 *****************************************************
 *****************************************************

  THE RADII THROUGH THE STAGE ARE -  
ROW 1 HUB RADIUS   0.8537  ROW 1 TIP RADIUS   0.8546  ROW 2 HUB RADIUS   0.8535  ROW 2 TIP RADIUS   0.8548


