 STAGE No, ROW No, No. BLADES           1           1          58
 STAGE No, ROW No, No. BLADES           1           2          73

 *****************************************************
  CONDITIONS FOR THE FIRST BLADE ROW OF THE STAGE. 
  THIS IS A TURBINE STATOR 
 *****************************************************
 FIRST BLADE INLET AND EXIT ANGLES   -56.3099785       74.0546646    
  FIRST BLADE AXIAL VELOCITY        102.013420    
  FIRST BLADE INLET MACH NUMBER    0.508405447    
  FIRST BLADE EXIT MACH NUMBER      1.13268089    
  FIRST BLADE EXIT DENSITY          19.5072136    
  FIRST BLADE EXIT PRESSURE         14.4669933    
  FIRST BLADE INLET STAGN PRESS     37.8600044    
  FIRST BLADE EXIT STAGN PRESS      32.7458572    
  FIRST BLADE REL INLET STAG PRES   37.8600044    
  FIRST BLADE EXIT TEMPERATURE      258.360901    
  FIRST BLADE EXIT STAGN TEMP       332.810913    
  FIRST BLADE TIP RADIUS =         0.650297225    
  FIRST BLADE INLET SPAN =          2.39995285E-03
  FIRST BLADE AXIAL CHORD=          5.00000007E-02
  FIRST BLADE ASPECT RATIO =        4.79990579E-02
  FIRST BLADE PITCH =               7.01699853E-02
 *****************************************************
  CONDITIONS FOR THE SECOND BLADE ROW OF THE STAGE.
  THIS IS A TURBINE ROTOR 
 *****************************************************
  SECOND BLADE INLET AND EXIT ANGLES    56.3099823      -74.0546646    
  SECOND BLADE AXIAL VELOCITY       102.013420    
  SECOND BLADE INLET MACH NUMBER   0.560972214    
  SECOND BLADE EXIT MACH NUMBER     1.28044283    
  SECOND BLADE DENSITY              9.77413559    
  SECOND BLADE EXIT PRESSURE        5.67226076    
  SECOND BLADE INLET STAGN PRES.    32.7458572    
  SECOND BLADE REL INLET STAG PR.   18.0329056    
  SECOND BLADE ROW EXIT STAG PRES   7.49750280    
  SECOND BLADE TEMPERATURE          202.172272    
  SECOND BLADE STAGN EXIT TEMP.     220.433594    
  SECOND BLADE TIP RADIUS =        0.652510345    
  SECOND BLADE EXIT SPAN =          4.61442210E-03
  SECOND BLADE AXIAL CHORD =        4.00000066E-02
  SECOND BLADE ASPECT RATIO=       0.115360536    
  SECOND BLADE PITCH =              5.51663712E-02
 *****************************************************
 *****************************************************

  THE RADII THROUGH THE STAGE ARE -  
ROW 1 HUB RADIUS   0.6486  ROW 1 TIP RADIUS   0.6503  ROW 2 HUB RADIUS   0.6479  ROW 2 TIP RADIUS   0.6510


