 STAGE No, ROW No, No. BLADES           1           1          90
 STAGE No, ROW No, No. BLADES           1           2         112

 *****************************************************
  CONDITIONS FOR THE FIRST BLADE ROW OF THE STAGE. 
  THIS IS A TURBINE STATOR 
 *****************************************************
 FIRST BLADE INLET AND EXIT ANGLES    6.34019661       45.0000381    
  FIRST BLADE AXIAL VELOCITY        241.499817    
  FIRST BLADE INLET MACH NUMBER    0.686755896    
  FIRST BLADE EXIT MACH NUMBER      1.01939178    
  FIRST BLADE EXIT DENSITY          23.2702579    
  FIRST BLADE EXIT PRESSURE         18.0239639    
  FIRST BLADE INLET STAGN PRESS     37.8599930    
  FIRST BLADE EXIT STAGN PRESS      35.4621010    
  FIRST BLADE REL INLET STAG PRES   37.8599930    
  FIRST BLADE EXIT TEMPERATURE      269.831635    
  FIRST BLADE EXIT STAGN TEMP       332.810913    
  FIRST BLADE TIP RADIUS =         0.854436040    
  FIRST BLADE INLET SPAN =          7.19449017E-04
  FIRST BLADE AXIAL CHORD=          5.00000007E-02
  FIRST BLADE ASPECT RATIO =        1.43889803E-02
  FIRST BLADE PITCH =               5.91946058E-02
 *****************************************************
  CONDITIONS FOR THE SECOND BLADE ROW OF THE STAGE.
  THIS IS A TURBINE ROTOR 
 *****************************************************
  SECOND BLADE INLET AND EXIT ANGLES   -6.34019995      -45.0000381    
  SECOND BLADE AXIAL VELOCITY       241.499817    
  SECOND BLADE INLET MACH NUMBER   0.725254655    
  SECOND BLADE EXIT MACH NUMBER     1.08376062    
  SECOND BLADE DENSITY              16.5955009    
  SECOND BLADE EXIT PRESSURE        11.3724747    
  SECOND BLADE INLET STAGN PRES.    35.4621010    
  SECOND BLADE REL INLET STAG PR.   25.8408470    
  SECOND BLADE ROW EXIT STAG PRES   17.0398464    
  SECOND BLADE TEMPERATURE          238.730759    
  SECOND BLADE STAGN EXIT TEMP.     270.609161    
  SECOND BLADE TIP RADIUS =        0.854712665    
  SECOND BLADE EXIT SPAN =          9.96242859E-04
  SECOND BLADE AXIAL CHORD =        4.00000066E-02
  SECOND BLADE ASPECT RATIO=        2.49060672E-02
  SECOND BLADE PITCH =              4.76044491E-02
 *****************************************************
 *****************************************************

  THE RADII THROUGH THE STAGE ARE -  
ROW 1 HUB RADIUS   0.8538  ROW 1 TIP RADIUS   0.8544  ROW 2 HUB RADIUS   0.8537  ROW 2 TIP RADIUS   0.8545


