 STAGE No, ROW No, No. BLADES           1           1          60
 STAGE No, ROW No, No. BLADES           1           2          76

 *****************************************************
  CONDITIONS FOR THE FIRST BLADE ROW OF THE STAGE. 
  THIS IS A TURBINE STATOR 
 *****************************************************
 FIRST BLADE INLET AND EXIT ANGLES   -33.0238914       69.3256302    
  FIRST BLADE AXIAL VELOCITY        93.4216003    
  FIRST BLADE INLET MACH NUMBER    0.302516162    
  FIRST BLADE EXIT MACH NUMBER     0.755338788    
  FIRST BLADE EXIT DENSITY          28.3817501    
  FIRST BLADE EXIT PRESSURE         24.0340805    
  FIRST BLADE INLET STAGN PRESS     37.8600044    
  FIRST BLADE EXIT STAGN PRESS      35.4620895    
  FIRST BLADE REL INLET STAG PRES   37.8600044    
  FIRST BLADE EXIT TEMPERATURE      295.006836    
  FIRST BLADE EXIT STAGN TEMP       332.810913    
  FIRST BLADE TIP RADIUS =         0.595686197    
  FIRST BLADE INLET SPAN =          2.20832624E-03
  FIRST BLADE AXIAL CHORD=          5.00000007E-02
  FIRST BLADE ASPECT RATIO =        4.41665240E-02
  FIRST BLADE PITCH =               6.15846775E-02
 *****************************************************
  CONDITIONS FOR THE SECOND BLADE ROW OF THE STAGE.
  THIS IS A TURBINE ROTOR 
 *****************************************************
  SECOND BLADE INLET AND EXIT ANGLES    33.0238800      -69.3256302    
  SECOND BLADE AXIAL VELOCITY       93.4216003    
  SECOND BLADE INLET MACH NUMBER   0.318062931    
  SECOND BLADE EXIT MACH NUMBER    0.798607171    
  SECOND BLADE DENSITY              20.7451801    
  SECOND BLADE EXIT PRESSURE        15.7152996    
  SECOND BLADE INLET STAGN PRES.    35.4620895    
  SECOND BLADE REL INLET STAG PR.   25.8408489    
  SECOND BLADE ROW EXIT STAG PRES   17.0398483    
  SECOND BLADE TEMPERATURE          263.905975    
  SECOND BLADE STAGN EXIT TEMP.     270.609161    
  SECOND BLADE TIP RADIUS =        0.596466780    
  SECOND BLADE EXIT SPAN =          2.98938435E-03
  SECOND BLADE AXIAL CHORD =        4.00000066E-02
  SECOND BLADE ASPECT RATIO=        7.47345984E-02
  SECOND BLADE PITCH =              4.86630648E-02
 *****************************************************
 *****************************************************

  THE RADII THROUGH THE STAGE ARE -  
ROW 1 HUB RADIUS   0.5938  ROW 1 TIP RADIUS   0.5957  ROW 2 HUB RADIUS   0.5935  ROW 2 TIP RADIUS   0.5960


