 STAGE No, ROW No, No. BLADES           1           1         102
 STAGE No, ROW No, No. BLADES           1           2         121

 *****************************************************
  CONDITIONS FOR THE FIRST BLADE ROW OF THE STAGE. 
  THIS IS A TURBINE STATOR 
 *****************************************************
 FIRST BLADE INLET AND EXIT ANGLES   -14.0362549       45.5456963    
  FIRST BLADE AXIAL VELOCITY        326.481567    
  FIRST BLADE INLET MACH NUMBER     1.00106788    
  FIRST BLADE EXIT MACH NUMBER      1.55706608    
  FIRST BLADE EXIT DENSITY          13.0229340    
  FIRST BLADE EXIT PRESSURE         8.05491638    
  FIRST BLADE INLET STAGN PRESS     37.8599968    
  FIRST BLADE EXIT STAGN PRESS      32.7458649    
  FIRST BLADE REL INLET STAG PRES   37.8599968    
  FIRST BLADE EXIT TEMPERATURE      215.474548    
  FIRST BLADE EXIT STAGN TEMP       332.810913    
  FIRST BLADE TIP RADIUS =         0.799705267    
  FIRST BLADE INLET SPAN =          8.88113747E-04
  FIRST BLADE AXIAL CHORD=          5.00000007E-02
  FIRST BLADE ASPECT RATIO =        1.77622754E-02
  FIRST BLADE PITCH =               4.89656962E-02
 *****************************************************
  CONDITIONS FOR THE SECOND BLADE ROW OF THE STAGE.
  THIS IS A TURBINE ROTOR 
 *****************************************************
  SECOND BLADE INLET AND EXIT ANGLES    14.0362587      -45.5456963    
  SECOND BLADE AXIAL VELOCITY       326.481567    
  SECOND BLADE INLET MACH NUMBER    1.12403786    
  SECOND BLADE EXIT MACH NUMBER     1.81099153    
  SECOND BLADE DENSITY              5.74879360    
  SECOND BLADE EXIT PRESSURE        2.62851334    
  SECOND BLADE INLET STAGN PRES.    32.7458572    
  SECOND BLADE REL INLET STAG PR.   18.0329056    
  SECOND BLADE ROW EXIT STAG PRES   7.49750376    
  SECOND BLADE TEMPERATURE          159.285858    
  SECOND BLADE STAGN EXIT TEMP.     220.433594    
  SECOND BLADE TIP RADIUS =        0.800728977    
  SECOND BLADE EXIT SPAN =          1.91244762E-03
  SECOND BLADE AXIAL CHORD =        4.00000066E-02
  SECOND BLADE ASPECT RATIO=        4.78111841E-02
  SECOND BLADE PITCH =              4.12469171E-02
 *****************************************************
 *****************************************************

  THE RADII THROUGH THE STAGE ARE -  
ROW 1 HUB RADIUS   0.7991  ROW 1 TIP RADIUS   0.7997  ROW 2 HUB RADIUS   0.7988  ROW 2 TIP RADIUS   0.8000


