 STAGE No, ROW No, No. BLADES           1           1          63
 STAGE No, ROW No, No. BLADES           1           2          42

 *****************************************************
  CONDITIONS FOR THE FIRST BLADE ROW OF THE STAGE. 
  THIS IS A TURBINE STATOR 
 *****************************************************
 FIRST BLADE INLET AND EXIT ANGLES    4.76364565       36.8699226    
  FIRST BLADE AXIAL VELOCITY        337.926758    
  FIRST BLADE INLET MACH NUMBER     1.01045263    
  FIRST BLADE EXIT MACH NUMBER      1.34678400    
  FIRST BLADE INLET PRESSURE     =    19.4492912    
  FIRST BLADE EXIT PRESSURE      =    11.6769018    
  FIRST BLADE INLET TEMPERATURE  =    270.726196    
  FIRST BLADE EXIT TEMPERATURE   =    236.472549    
  FIRST BLADE INLET ENTHALPY     =    250706.875    
  FIRST BLADE EXIT ENTHALPY      =    218986.188    
  FIRST BLADE INLET DENSITY      =    25.0274906    
  FIRST BLADE EXIT DENSITY       =    17.2024632    
  FIRST BLADE INLET STAGN PRESS  =    37.8600044    
  FIRST BLADE EXIT STAGN PRESS   =    35.1671448    
  FIRST BLADE TIP RADIUS         =   0.315049022    
  FIRST BLADE INLET SPAN         =    3.25316489E-02
  FIRST BLADE OUTLET SPAN        =    4.73295897E-02
  FIRST BLADE AXIAL SOLIDITY     =    1.12280703    
  FIRST BLADE ASPECT RATIO       =    1.19999909    
  FIRST_BLADE_AXIAL_CHORD        =    3.32755409E-02
  FIRST_BLADE_ROW_GAP_TO_CHORD   =   0.250000000    
  H1/Rm                          =   0.158402547    
 *****************************************************
  CONDITIONS FOR THE SECOND BLADE ROW OF THE STAGE.
  THIS IS A TURBINE ROTOR 
 *****************************************************
  SECOND BLADE INLET AND EXIT ANGLES   -4.76365089      -36.8699265    
  SECOND BLADE AXIAL VELOCITY       337.926758    
  SECOND BLADE INLET MACH NUMBER    1.08116186    
  SECOND BLADE EXIT MACH NUMBER     1.45638907    
  SECOND BLADE INLET PRESSURE    =    11.6769018    
  SECOND BLADE EXIT PRESSURE     =    6.54697704    
  SECOND BLADE INLET TEMPERATURE =    236.472549    
  SECOND BLADE EXIT TEMPERATURE  =    202.218933    
  SECOND BLADE INLET ENTHALPY    =    218986.188    
  SECOND BLADE EXIT ENTHALPY     =    187265.500    
  SECOND BLADE INLET DENSITY     =    17.2024632    
  SECOND BLADE EXIT DENSITY      =    11.2787962    
  SECOND BLADE INLET STAGN PRESS =    35.1671448    
  SECOND BLADE EXIT STAGN PRESS  =    15.5302238    
  SECOND BLADE INLET REL. ST. P. =    24.7720356    
  SECOND BLADE EXIT REL ST. P.   =    23.0100861    
  SECOND BLADE TIP RADIUS        =   0.334864736    
  SECOND BLADE INLET SPAN        =    4.73295897E-02
  SECOND BLADE OUTLET SPAN       =    7.21872300E-02
  SECOND BLADE AXIAL SOLIDITY    =    1.12280703    
  SECOND BLADE ASPECT RATIO      =    1.20000041    
  SECOND_BLADE_AXIAL_CHORD       =    4.97986600E-02
  SECOND_BLADE_ROW_GAP_TO_CHORD  =   0.500000000    
  H1/Rm                          =   0.241596028    
  TE THICKNESS TO AXIAL CHORD    =    1.78124998E-02
  MEAN RADIUS                    =   0.298793107    
 *****************************************************
 *****************************************************

  THE RADII THROUGH THE STAGE ARE -  
ROW 1 HUB RADIUS   0.2825  ROW 1 TIP RADIUS   0.3150  ROW 2 HUB RADIUS   0.2751  ROW 2 TIP RADIUS   0.3224


