 STAGE No, ROW No, No. BLADES           1           1          53
 STAGE No, ROW No, No. BLADES           1           2          36

 *****************************************************
  CONDITIONS FOR THE FIRST BLADE ROW OF THE STAGE. 
  THIS IS A TURBINE STATOR 
 *****************************************************
 FIRST BLADE INLET AND EXIT ANGLES   -9.46232891       45.0000381    
  FIRST BLADE AXIAL VELOCITY        255.448624    
  FIRST BLADE INLET MACH NUMBER    0.737264693    
  FIRST BLADE EXIT MACH NUMBER      1.09354544    
  FIRST BLADE INLET PRESSURE     =    26.1089439    
  FIRST BLADE EXIT PRESSURE      =    16.3232460    
  FIRST BLADE INLET TEMPERATURE  =    296.599915    
  FIRST BLADE EXIT TEMPERATURE   =    262.346283    
  FIRST BLADE INLET ENTHALPY     =    274667.312    
  FIRST BLADE EXIT ENTHALPY      =    242946.625    
  FIRST BLADE INLET DENSITY      =    30.6663475    
  FIRST BLADE EXIT DENSITY       =    21.6758118    
  FIRST BLADE INLET STAGN PRESS  =    37.8600006    
  FIRST BLADE EXIT STAGN PRESS   =    35.1671524    
  FIRST BLADE TIP RADIUS         =   0.238785625    
  FIRST BLADE INLET SPAN         =    2.58543026E-02
  FIRST BLADE OUTLET SPAN        =    3.65779623E-02
  FIRST BLADE AXIAL SOLIDITY     =   0.980392158    
  FIRST BLADE ASPECT RATIO       =    1.19999492    
  FIRST_BLADE_AXIAL_CHORD        =    2.60135550E-02
  FIRST_BLADE_ROW_GAP_TO_CHORD   =   0.250000000    
  H1/Rm                          =   0.161945164    
 *****************************************************
  CONDITIONS FOR THE SECOND BLADE ROW OF THE STAGE.
  THIS IS A TURBINE ROTOR 
 *****************************************************
  SECOND BLADE INLET AND EXIT ANGLES    9.46233082      -45.0000381    
  SECOND BLADE AXIAL VELOCITY       255.448624    
  SECOND BLADE INLET MACH NUMBER   0.783919454    
  SECOND BLADE EXIT MACH NUMBER     1.17278576    
  SECOND BLADE INLET PRESSURE    =    16.3232460    
  SECOND BLADE EXIT PRESSURE     =    9.65456390    
  SECOND BLADE INLET TEMPERATURE =    262.346283    
  SECOND BLADE EXIT TEMPERATURE  =    228.092636    
  SECOND BLADE INLET ENTHALPY    =    242946.625    
  SECOND BLADE EXIT ENTHALPY     =    211225.938    
  SECOND BLADE INLET DENSITY     =    21.6758118    
  SECOND BLADE EXIT DENSITY      =    14.7456932    
  SECOND BLADE INLET STAGN PRESS =    35.1671524    
  SECOND BLADE EXIT STAGN PRESS  =    15.5302248    
  SECOND BLADE INLET REL. ST. P. =    24.7720318    
  SECOND BLADE EXIT REL ST. P.   =    23.0100880    
  SECOND BLADE TIP RADIUS        =   0.252734333    
  SECOND BLADE INLET SPAN        =    3.65779623E-02
  SECOND BLADE OUTLET SPAN       =    5.37687242E-02
  SECOND BLADE AXIAL SOLIDITY    =   0.980392158    
  SECOND BLADE ASPECT RATIO      =    1.20000184    
  SECOND_BLADE_AXIAL_CHORD       =    3.76443937E-02
  SECOND_BLADE_ROW_GAP_TO_CHORD  =   0.500000000    
  H1/Rm                          =   0.238055497    
  TE THICKNESS TO AXIAL CHORD    =    2.04000007E-02
  MEAN RADIUS                    =   0.225866348    
 *****************************************************
 *****************************************************

  THE RADII THROUGH THE STAGE ARE -  
ROW 1 HUB RADIUS   0.2129  ROW 1 TIP RADIUS   0.2388  ROW 2 HUB RADIUS   0.2076  ROW 2 TIP RADIUS   0.2441


