 STAGE No, ROW No, No. BLADES           1           1          13
 STAGE No, ROW No, No. BLADES           1           2          34

 *****************************************************
  CONDITIONS FOR THE FIRST BLADE ROW OF THE STAGE. 
  THIS IS A TURBINE STATOR 
 *****************************************************
 FIRST BLADE INLET AND EXIT ANGLES   -33.0238914       69.3256302    
  FIRST BLADE AXIAL VELOCITY        90.3907166    
  FIRST BLADE INLET MACH NUMBER    0.292509794    
  FIRST BLADE EXIT MACH NUMBER     0.727862418    
  FIRST BLADE INLET PRESSURE     =    35.6049500    
  FIRST BLADE EXIT PRESSURE      =    24.7993546    
  FIRST BLADE INLET TEMPERATURE  =    326.535614    
  FIRST BLADE EXIT TEMPERATURE   =    297.420013    
  FIRST BLADE INLET ENTHALPY     =    302389.375    
  FIRST BLADE EXIT ENTHALPY      =    275426.781    
  FIRST BLADE INLET DENSITY      =    37.9860039    
  FIRST BLADE EXIT DENSITY       =    29.0478458    
  FIRST BLADE INLET STAGN PRESS  =    37.8599968    
  FIRST BLADE EXIT STAGN PRESS   =    35.6420708    
  FIRST BLADE TIP RADIUS         =   0.204365641    
  FIRST BLADE INLET SPAN         =    2.51161270E-02
  FIRST BLADE OUTLET SPAN        =    3.28444950E-02
  FIRST BLADE AXIAL SOLIDITY     =   0.553997457    
  FIRST BLADE ASPECT RATIO       =   0.579606235    
  FIRST_BLADE_AXIAL_CHORD        =    5.00000007E-02
  FIRST_BLADE_ROW_GAP_TO_CHORD   =   0.250000000    
  H1/Rm                          =   0.171229869    
 *****************************************************
  CONDITIONS FOR THE SECOND BLADE ROW OF THE STAGE.
  THIS IS A TURBINE ROTOR 
 *****************************************************
  SECOND BLADE INLET AND EXIT ANGLES    33.0238800      -69.3256302    
  SECOND BLADE AXIAL VELOCITY       90.3907166    
  SECOND BLADE INLET MACH NUMBER   0.306492984    
  SECOND BLADE EXIT MACH NUMBER    0.766338170    
  SECOND BLADE INLET PRESSURE    =    24.7993546    
  SECOND BLADE EXIT PRESSURE     =    16.7447586    
  SECOND BLADE INLET TEMPERATURE =    297.420013    
  SECOND BLADE EXIT TEMPERATURE  =    268.304443    
  SECOND BLADE INLET ENTHALPY    =    275426.781    
  SECOND BLADE EXIT ENTHALPY     =    248464.203    
  SECOND BLADE INLET DENSITY     =    29.0478458    
  SECOND BLADE EXIT DENSITY      =    21.7417641    
  SECOND BLADE INLET STAGN PRESS =    35.6420708    
  SECOND BLADE EXIT STAGN PRESS  =    18.0414314    
  SECOND BLADE INLET REL. ST. P. =    26.5273857    
  SECOND BLADE EXIT REL ST. P.   =    24.9733524    
  SECOND BLADE TIP RADIUS        =   0.213742614    
  SECOND BLADE INLET SPAN        =    3.28444950E-02
  SECOND BLADE OUTLET SPAN       =    4.38815020E-02
  SECOND BLADE AXIAL SOLIDITY    =   0.553997457    
  SECOND BLADE ASPECT RATIO      =    1.99999940    
  SECOND_BLADE_AXIAL_CHORD       =    1.91815048E-02
  SECOND_BLADE_ROW_GAP_TO_CHORD  =   0.500000000    
  H1/Rm                          =   0.228769645    
  TE THICKNESS TO AXIAL CHORD    =    3.61012518E-02
  MEAN RADIUS                    =   0.191815227    
 *****************************************************
 *****************************************************

  THE RADII THROUGH THE STAGE ARE -  
ROW 1 HUB RADIUS   0.1793  ROW 1 TIP RADIUS   0.2044  ROW 2 HUB RADIUS   0.1754  ROW 2 TIP RADIUS   0.2082


