 STAGE No, ROW No, No. BLADES           1           1          63
 STAGE No, ROW No, No. BLADES           1           2          44

 *****************************************************
  CONDITIONS FOR THE FIRST BLADE ROW OF THE STAGE. 
  THIS IS A TURBINE STATOR 
 *****************************************************
 FIRST BLADE INLET AND EXIT ANGLES    6.70984221       46.6366158    
  FIRST BLADE AXIAL VELOCITY        239.364777    
  FIRST BLADE INLET MACH NUMBER    0.680604935    
  FIRST BLADE EXIT MACH NUMBER      1.04564464    
  FIRST BLADE INLET PRESSURE     =    27.5107880    
  FIRST BLADE EXIT PRESSURE      =    17.3164463    
  FIRST BLADE INLET TEMPERATURE  =    301.447418    
  FIRST BLADE EXIT TEMPERATURE   =    267.193787    
  FIRST BLADE INLET ENTHALPY     =    279156.375    
  FIRST BLADE EXIT ENTHALPY      =    247435.672    
  FIRST BLADE INLET DENSITY      =    31.7932720    
  FIRST BLADE EXIT DENSITY       =    22.5775185    
  FIRST BLADE INLET STAGN PRESS  =    37.8599968    
  FIRST BLADE EXIT STAGN PRESS   =    35.1671448    
  FIRST BLADE TIP RADIUS         =   0.316025555    
  FIRST BLADE INLET SPAN         =    3.44859026E-02
  FIRST BLADE OUTLET SPAN        =    4.85624894E-02
  FIRST BLADE AXIAL SOLIDITY     =    1.16768265    
  FIRST BLADE ASPECT RATIO       =    1.20000422    
  FIRST_BLADE_AXIAL_CHORD        =    3.46033722E-02
  FIRST_BLADE_ROW_GAP_TO_CHORD   =   0.250000000    
  H1/Rm                          =   0.162528813    
 *****************************************************
  CONDITIONS FOR THE SECOND BLADE ROW OF THE STAGE.
  THIS IS A TURBINE ROTOR 
 *****************************************************
  SECOND BLADE INLET AND EXIT ANGLES   -6.70983505      -46.6366158    
  SECOND BLADE AXIAL VELOCITY       239.364777    
  SECOND BLADE INLET MACH NUMBER   0.722915709    
  SECOND BLADE EXIT MACH NUMBER     1.11988926    
  SECOND BLADE INLET PRESSURE    =    17.3164463    
  SECOND BLADE EXIT PRESSURE     =    10.3322992    
  SECOND BLADE INLET TEMPERATURE =    267.193787    
  SECOND BLADE EXIT TEMPERATURE  =    232.940155    
  SECOND BLADE INLET ENTHALPY    =    247435.672    
  SECOND BLADE EXIT ENTHALPY     =    215715.000    
  SECOND BLADE INLET DENSITY     =    22.5775185    
  SECOND BLADE EXIT DENSITY      =    15.4524155    
  SECOND BLADE INLET STAGN PRESS =    35.1671448    
  SECOND BLADE EXIT STAGN PRESS  =    15.5302191    
  SECOND BLADE INLET REL. ST. P. =    24.7720356    
  SECOND BLADE EXIT REL ST. P.   =    23.0100803    
  SECOND BLADE TIP RADIUS        =   0.334248811    
  SECOND BLADE INLET SPAN        =    4.85624894E-02
  SECOND BLADE OUTLET SPAN       =    7.09546283E-02
  SECOND BLADE AXIAL SOLIDITY    =    1.16768265    
  SECOND BLADE ASPECT RATIO      =    1.19999921    
  SECOND_BLADE_AXIAL_CHORD       =    4.97988313E-02
  SECOND_BLADE_ROW_GAP_TO_CHORD  =   0.500000000    
  H1/Rm                          =   0.237470761    
  TE THICKNESS TO AXIAL CHORD    =    1.71279404E-02
  MEAN RADIUS                    =   0.298793107    
 *****************************************************
 *****************************************************

  THE RADII THROUGH THE STAGE ARE -  
ROW 1 HUB RADIUS   0.2816  ROW 1 TIP RADIUS   0.3160  ROW 2 HUB RADIUS   0.2745  ROW 2 TIP RADIUS   0.3231


