 STAGE No, ROW No, No. BLADES           1           1          34
 STAGE No, ROW No, No. BLADES           1           2          24

 *****************************************************
  CONDITIONS FOR THE FIRST BLADE ROW OF THE STAGE. 
  THIS IS A TURBINE STATOR 
 *****************************************************
 FIRST BLADE INLET AND EXIT ANGLES   -21.8014259       67.3801880    
  FIRST BLADE AXIAL VELOCITY        106.436920    
  FIRST BLADE INLET MACH NUMBER    0.311428100    
  FIRST BLADE EXIT MACH NUMBER     0.794750035    
  FIRST BLADE INLET PRESSURE     =    35.3172607    
  FIRST BLADE EXIT PRESSURE      =    22.9225006    
  FIRST BLADE INLET TEMPERATURE  =    325.715485    
  FIRST BLADE EXIT TEMPERATURE   =    291.461853    
  FIRST BLADE INLET ENTHALPY     =    301629.906    
  FIRST BLADE EXIT ENTHALPY      =    269909.219    
  FIRST BLADE INLET DENSITY      =    37.7739449    
  FIRST BLADE EXIT DENSITY       =    27.3983250    
  FIRST BLADE INLET STAGN PRESS  =    37.8600006    
  FIRST BLADE EXIT STAGN PRESS   =    35.1671486    
  FIRST BLADE TIP RADIUS         =   0.239385977    
  FIRST BLADE INLET SPAN         =    2.70557404E-02
  FIRST BLADE OUTLET SPAN        =    3.73016447E-02
  FIRST BLADE AXIAL SOLIDITY     =   0.657462180    
  FIRST BLADE ASPECT RATIO       =    1.20000148    
  FIRST_BLADE_AXIAL_CHORD        =    2.68155430E-02
  FIRST_BLADE_ROW_GAP_TO_CHORD   =   0.250000000    
  H1/Rm                          =   0.165149197    
 *****************************************************
  CONDITIONS FOR THE SECOND BLADE ROW OF THE STAGE.
  THIS IS A TURBINE ROTOR 
 *****************************************************
  SECOND BLADE INLET AND EXIT ANGLES    21.8014431      -67.3801880    
  SECOND BLADE AXIAL VELOCITY       106.436920    
  SECOND BLADE INLET MACH NUMBER   0.329219997    
  SECOND BLADE EXIT MACH NUMBER    0.846016765    
  SECOND BLADE INLET PRESSURE    =    22.9225006    
  SECOND BLADE EXIT PRESSURE     =    14.2249441    
  SECOND BLADE INLET TEMPERATURE =    291.461853    
  SECOND BLADE EXIT TEMPERATURE  =    257.208221    
  SECOND BLADE INLET ENTHALPY    =    269909.219    
  SECOND BLADE EXIT ENTHALPY     =    238188.531    
  SECOND BLADE INLET DENSITY     =    27.3983250    
  SECOND BLADE EXIT DENSITY      =    19.2667961    
  SECOND BLADE INLET STAGN PRESS =    35.1671486    
  SECOND BLADE EXIT STAGN PRESS  =    15.5302191    
  SECOND BLADE INLET REL. ST. P. =    24.7720356    
  SECOND BLADE EXIT REL ST. P.   =    23.0100822    
  SECOND BLADE TIP RADIUS        =   0.252372563    
  SECOND BLADE INLET SPAN        =    3.73016447E-02
  SECOND BLADE OUTLET SPAN       =    5.30447550E-02
  SECOND BLADE AXIAL SOLIDITY    =   0.657462180    
  SECOND BLADE ASPECT RATIO      =    1.20000374    
  SECOND_BLADE_AXIAL_CHORD       =    3.76442149E-02
  SECOND_BLADE_ROW_GAP_TO_CHORD  =   0.500000000    
  H1/Rm                          =   0.234850198    
  TE THICKNESS TO AXIAL CHORD    =    3.04199997E-02
  MEAN RADIUS                    =   0.225866348    
 *****************************************************
 *****************************************************

  THE RADII THROUGH THE STAGE ARE -  
ROW 1 HUB RADIUS   0.2123  ROW 1 TIP RADIUS   0.2394  ROW 2 HUB RADIUS   0.2072  ROW 2 TIP RADIUS   0.2445


