 STAGE No, ROW No, No. BLADES           1           1         102
 STAGE No, ROW No, No. BLADES           1           2         130

 *****************************************************
  CONDITIONS FOR THE FIRST BLADE ROW OF THE STAGE. 
  THIS IS A TURBINE STATOR 
 *****************************************************
 FIRST BLADE INLET AND EXIT ANGLES    11.3099413       60.9454460    
  FIRST BLADE AXIAL VELOCITY        180.335953    
  FIRST BLADE INLET MACH NUMBER    0.508405387    
  FIRST BLADE EXIT MACH NUMBER      1.13268089    
  FIRST BLADE EXIT DENSITY          19.5072136    
  FIRST BLADE EXIT PRESSURE         14.4669933    
  FIRST BLADE INLET STAGN PRESS     37.8600044    
  FIRST BLADE EXIT STAGN PRESS      32.7458572    
  FIRST BLADE REL INLET STAG PRES   37.8600044    
  FIRST BLADE EXIT TEMPERATURE      258.360901    
  FIRST BLADE EXIT STAGN TEMP       332.810913    
  FIRST BLADE TIP RADIUS =          1.14833009    
  FIRST BLADE INLET SPAN =          7.67937338E-04
  FIRST BLADE AXIAL CHORD=          5.00000007E-02
  FIRST BLADE ASPECT RATIO =        1.53587470E-02
  FIRST BLADE PITCH =               7.01700002E-02
 *****************************************************
  CONDITIONS FOR THE SECOND BLADE ROW OF THE STAGE.
  THIS IS A TURBINE ROTOR 
 *****************************************************
  SECOND BLADE INLET AND EXIT ANGLES   -11.3099442      -60.9454460    
  SECOND BLADE AXIAL VELOCITY       180.335953    
  SECOND BLADE INLET MACH NUMBER   0.560972154    
  SECOND BLADE EXIT MACH NUMBER     1.28044283    
  SECOND BLADE DENSITY              9.77413559    
  SECOND BLADE EXIT PRESSURE        5.67226076    
  SECOND BLADE INLET STAGN PRES.    32.7458572    
  SECOND BLADE REL INLET STAG PR.   18.0329056    
  SECOND BLADE ROW EXIT STAG PRES   7.49750280    
  SECOND BLADE TEMPERATURE          202.172272    
  SECOND BLADE STAGN EXIT TEMP.     220.433594    
  SECOND BLADE TIP RADIUS =         1.14903831    
  SECOND BLADE EXIT SPAN =          1.47659145E-03
  SECOND BLADE AXIAL CHORD =        4.00000066E-02
  SECOND BLADE ASPECT RATIO=        3.69147807E-02
  SECOND BLADE PITCH =              5.51663823E-02
 *****************************************************
 *****************************************************

  THE RADII THROUGH THE STAGE ARE -  
ROW 1 HUB RADIUS   1.1478  ROW 1 TIP RADIUS   1.1483  ROW 2 HUB RADIUS   1.1476  ROW 2 TIP RADIUS   1.1485


