  ********** NEW BLADE ROW **********
  LE THICKNESS / AXIAL CHORD            =    3.99999991E-02
  TE THICKNESS / AXIAL CHORD            =    3.99999991E-02
  MAXIMUM THICKNESS                     =   0.300000012    
  POINT OF MAXIMUM THICKNESS            =   0.449999988    
  STAGGER ANGLE                         =               NaN
  STAGGER ANGLE                         =               NaN
  STAGGER ANGLE                         =               NaN
  ********** NEW BLADE ROW **********
  LE THICKNESS / CHORD                  =    3.99999991E-02
  TE THICKNESS / CHORD                  =    5.95999993E-02
  MAXIMUM THICKNESS                     =   0.250000000    
  POINT OF MAXIMUM THICKNESS            =   0.400000006    
  STAGGER ANGLE                         =               NaN
  STAGGER ANGLE                         =               NaN
  STAGGER ANGLE                         =               NaN
  ********** NEW BLADE ROW **********
  LE THICKNESS / AXIAL CHORD            =    3.99999991E-02
  TE THICKNESS / AXIAL CHORD            =    3.99999991E-02
  MAXIMUM THICKNESS                     =   0.300000012    
  POINT OF MAXIMUM THICKNESS            =   0.449999988    
  STAGGER ANGLE                         =               NaN
  STAGGER ANGLE                         =               NaN
  STAGGER ANGLE                         =               NaN
  ********** NEW BLADE ROW **********
  LE THICKNESS / CHORD                  =    3.99999991E-02
  TE THICKNESS / CHORD                  =    1.90999992E-02
  MAXIMUM THICKNESS                     =   0.250000000    
  POINT OF MAXIMUM THICKNESS            =   0.400000006    
  STAGGER ANGLE                         =               NaN
  STAGGER ANGLE                         =               NaN
  STAGGER ANGLE                         =               NaN
