 STAGE No, ROW No, No. BLADES           1           1          18
 STAGE No, ROW No, No. BLADES           1           2          48

 *****************************************************
  CONDITIONS FOR THE FIRST BLADE ROW OF THE STAGE. 
  THIS IS A TURBINE STATOR 
 *****************************************************
 FIRST BLADE INLET AND EXIT ANGLES   -19.8552303       55.8139229    
  FIRST BLADE AXIAL VELOCITY        162.703278    
  FIRST BLADE INLET MACH NUMBER    0.476623982    
  FIRST BLADE EXIT MACH NUMBER     0.837255895    
  FIRST BLADE INLET PRESSURE     =    32.2445145    
  FIRST BLADE EXIT PRESSURE      =    22.2381744    
  FIRST BLADE INLET TEMPERATURE  =    316.653961    
  FIRST BLADE EXIT TEMPERATURE   =    287.538361    
  FIRST BLADE INLET ENTHALPY     =    293238.438    
  FIRST BLADE EXIT ENTHALPY      =    266275.844    
  FIRST BLADE INLET DENSITY      =    35.4743690    
  FIRST BLADE EXIT DENSITY       =    26.9430714    
  FIRST BLADE INLET STAGN PRESS  =    37.8600006    
  FIRST BLADE EXIT STAGN PRESS   =    35.6420746    
  FIRST BLADE TIP RADIUS         =   0.204221174    
  FIRST BLADE INLET SPAN         =    2.48270165E-02
  FIRST BLADE OUTLET SPAN        =    3.26882973E-02
  FIRST BLADE AXIAL SOLIDITY     =   0.779537141    
  FIRST BLADE ASPECT RATIO       =   0.575153172    
  FIRST_BLADE_AXIAL_CHORD        =    5.00000007E-02
  FIRST_BLADE_ROW_GAP_TO_CHORD   =   0.250000000    
  H1/Rm                          =   0.170415550    
 *****************************************************
  CONDITIONS FOR THE SECOND BLADE ROW OF THE STAGE.
  THIS IS A TURBINE ROTOR 
 *****************************************************
  SECOND BLADE INLET AND EXIT ANGLES    19.8552265      -55.8139229    
  SECOND BLADE AXIAL VELOCITY       162.703278    
  SECOND BLADE INLET MACH NUMBER   0.500173271    
  SECOND BLADE EXIT MACH NUMBER    0.883162677    
  SECOND BLADE INLET PRESSURE    =    22.2381744    
  SECOND BLADE EXIT PRESSURE     =    14.8355160    
  SECOND BLADE INLET TEMPERATURE =    287.538361    
  SECOND BLADE EXIT TEMPERATURE  =    258.422791    
  SECOND BLADE INLET ENTHALPY    =    266275.844    
  SECOND BLADE EXIT ENTHALPY     =    239313.266    
  SECOND BLADE INLET DENSITY     =    26.9430714    
  SECOND BLADE EXIT DENSITY      =    19.9993382    
  SECOND BLADE INLET STAGN PRESS =    35.6420746    
  SECOND BLADE EXIT STAGN PRESS  =    18.0414295    
  SECOND BLADE INLET REL. ST. P. =    26.5273895    
  SECOND BLADE EXIT REL ST. P.   =    24.9733467    
  SECOND BLADE TIP RADIUS        =   0.213820621    
  SECOND BLADE INLET SPAN        =    3.26882973E-02
  SECOND BLADE OUTLET SPAN       =    4.40376103E-02
  SECOND BLADE AXIAL SOLIDITY    =   0.779537141    
  SECOND BLADE ASPECT RATIO      =    2.00000024    
  SECOND_BLADE_AXIAL_CHORD       =    1.91814750E-02
  SECOND_BLADE_ROW_GAP_TO_CHORD  =   0.500000000    
  H1/Rm                          =   0.229583502    
  TE THICKNESS TO AXIAL CHORD    =    2.56562494E-02
  MEAN RADIUS                    =   0.191815227    
 *****************************************************
 *****************************************************

  THE RADII THROUGH THE STAGE ARE -  
ROW 1 HUB RADIUS   0.1794  ROW 1 TIP RADIUS   0.2042  ROW 2 HUB RADIUS   0.1755  ROW 2 TIP RADIUS   0.2081


