 STAGE No, ROW No, No. BLADES           1           1          30
 STAGE No, ROW No, No. BLADES           1           2          21

 *****************************************************
  CONDITIONS FOR THE FIRST BLADE ROW OF THE STAGE. 
  THIS IS A TURBINE STATOR 
 *****************************************************
 FIRST BLADE INLET AND EXIT ANGLES   -45.0000381       71.5651093    
  FIRST BLADE AXIAL VELOCITY        89.0515213    
  FIRST BLADE INLET MACH NUMBER    0.342904955    
  FIRST BLADE EXIT MACH NUMBER     0.810779154    
  FIRST BLADE INLET PRESSURE     =    34.8063087    
  FIRST BLADE EXIT PRESSURE      =    22.5521221    
  FIRST BLADE INLET TEMPERATURE  =    324.247467    
  FIRST BLADE EXIT TEMPERATURE   =    289.993866    
  FIRST BLADE INLET ENTHALPY     =    300270.438    
  FIRST BLADE EXIT ENTHALPY      =    268549.781    
  FIRST BLADE INLET DENSITY      =    37.3959961    
  FIRST BLADE EXIT DENSITY       =    27.0920811    
  FIRST BLADE INLET STAGN PRESS  =    37.8599930    
  FIRST BLADE EXIT STAGN PRESS   =    35.1671410    
  FIRST BLADE TIP RADIUS         =   0.200261369    
  FIRST BLADE INLET SPAN         =    2.25897953E-02
  FIRST BLADE OUTLET SPAN        =    3.11813485E-02
  FIRST BLADE AXIAL SOLIDITY     =   0.571428597    
  FIRST BLADE ASPECT RATIO       =    1.19999945    
  FIRST_BLADE_AXIAL_CHORD        =    2.24046540E-02
  FIRST_BLADE_ROW_GAP_TO_CHORD   =   0.250000000    
  H1/Rm                          =   0.165003940    
 *****************************************************
  CONDITIONS FOR THE SECOND BLADE ROW OF THE STAGE.
  THIS IS A TURBINE ROTOR 
 *****************************************************
  SECOND BLADE INLET AND EXIT ANGLES    45.0000229      -71.5651093    
  SECOND BLADE AXIAL VELOCITY       89.0515213    
  SECOND BLADE INLET MACH NUMBER   0.362591505    
  SECOND BLADE EXIT MACH NUMBER    0.863370955    
  SECOND BLADE INLET PRESSURE    =    22.5521221    
  SECOND BLADE EXIT PRESSURE     =    13.9646826    
  SECOND BLADE INLET TEMPERATURE =    289.993866    
  SECOND BLADE EXIT TEMPERATURE  =    255.740234    
  SECOND BLADE INLET ENTHALPY    =    268549.781    
  SECOND BLADE EXIT ENTHALPY     =    236829.078    
  SECOND BLADE INLET DENSITY     =    27.0920811    
  SECOND BLADE EXIT DENSITY      =    19.0228596    
  SECOND BLADE INLET STAGN PRESS =    35.1671410    
  SECOND BLADE EXIT STAGN PRESS  =    15.5302248    
  SECOND BLADE INLET REL. ST. P. =    24.7720261    
  SECOND BLADE EXIT REL ST. P.   =    23.0100842    
  SECOND BLADE TIP RADIUS        =   0.211163834    
  SECOND BLADE INLET SPAN        =    3.11813485E-02
  SECOND BLADE OUTLET SPAN       =    4.44080159E-02
  SECOND BLADE AXIAL SOLIDITY    =   0.571428597    
  SECOND BLADE ASPECT RATIO      =    1.19999623    
  SECOND_BLADE_AXIAL_CHORD       =    3.14956680E-02
  SECOND_BLADE_ROW_GAP_TO_CHORD  =   0.500000000    
  H1/Rm                          =   0.234996185    
  TE THICKNESS TO AXIAL CHORD    =    3.50000001E-02
  MEAN RADIUS                    =   0.188973352    
 *****************************************************
 *****************************************************

  THE RADII THROUGH THE STAGE ARE -  
ROW 1 HUB RADIUS   0.1777  ROW 1 TIP RADIUS   0.2003  ROW 2 HUB RADIUS   0.1734  ROW 2 TIP RADIUS   0.2046


