 STAGE No, ROW No, No. BLADES           1           1          48
 STAGE No, ROW No, No. BLADES           1           2          33

 *****************************************************
  CONDITIONS FOR THE FIRST BLADE ROW OF THE STAGE. 
  THIS IS A TURBINE STATOR 
 *****************************************************
 FIRST BLADE INLET AND EXIT ANGLES   -13.2405300       54.6888313    
  FIRST BLADE AXIAL VELOCITY        180.942764    
  FIRST BLADE INLET MACH NUMBER    0.514192879    
  FIRST BLADE EXIT MACH NUMBER     0.917389154    
  FIRST BLADE INLET PRESSURE     =    31.4307346    
  FIRST BLADE EXIT PRESSURE      =    20.1167107    
  FIRST BLADE INLET TEMPERATURE  =    314.154907    
  FIRST BLADE EXIT TEMPERATURE   =    279.901276    
  FIRST BLADE INLET ENTHALPY     =    290924.188    
  FIRST BLADE EXIT ENTHALPY      =    259203.500    
  FIRST BLADE INLET DENSITY      =    34.8541489    
  FIRST BLADE EXIT DENSITY       =    25.0377808    
  FIRST BLADE INLET STAGN PRESS  =    37.8600006    
  FIRST BLADE EXIT STAGN PRESS   =    35.1671410    
  FIRST BLADE TIP RADIUS         =   0.239159748    
  FIRST BLADE INLET SPAN         =    2.66030058E-02
  FIRST BLADE OUTLET SPAN        =    3.70330513E-02
  FIRST BLADE AXIAL SOLIDITY     =   0.898431122    
  FIRST BLADE ASPECT RATIO       =    1.20000553    
  FIRST_BLADE_AXIAL_CHORD        =    2.65149027E-02
  FIRST_BLADE_ROW_GAP_TO_CHORD   =   0.250000000    
  H1/Rm                          =   0.163960025    
 *****************************************************
  CONDITIONS FOR THE SECOND BLADE ROW OF THE STAGE.
  THIS IS A TURBINE ROTOR 
 *****************************************************
  SECOND BLADE INLET AND EXIT ANGLES    13.2405300      -54.6888313    
  SECOND BLADE AXIAL VELOCITY       180.942764    
  SECOND BLADE INLET MACH NUMBER   0.544747829    
  SECOND BLADE EXIT MACH NUMBER    0.979263961    
  SECOND BLADE INLET PRESSURE    =    20.1167107    
  SECOND BLADE EXIT PRESSURE     =    12.2635937    
  SECOND BLADE INLET TEMPERATURE =    279.901276    
  SECOND BLADE EXIT TEMPERATURE  =    245.647629    
  SECOND BLADE INLET ENTHALPY    =    259203.500    
  SECOND BLADE EXIT ENTHALPY     =    227482.797    
  SECOND BLADE INLET DENSITY     =    25.0377808    
  SECOND BLADE EXIT DENSITY      =    17.3919754    
  SECOND BLADE INLET STAGN PRESS =    35.1671524    
  SECOND BLADE EXIT STAGN PRESS  =    15.5302248    
  SECOND BLADE INLET REL. ST. P. =    24.7720318    
  SECOND BLADE EXIT REL ST. P.   =    23.0100822    
  SECOND BLADE TIP RADIUS        =   0.252506822    
  SECOND BLADE INLET SPAN        =    3.70330513E-02
  SECOND BLADE OUTLET SPAN       =    5.33134080E-02
  SECOND BLADE AXIAL SOLIDITY    =   0.898431122    
  SECOND BLADE ASPECT RATIO      =    1.19999862    
  SECOND_BLADE_AXIAL_CHORD       =    3.76444012E-02
  SECOND_BLADE_ROW_GAP_TO_CHORD  =   0.500000000    
  H1/Rm                          =   0.236039624    
  TE THICKNESS TO AXIAL CHORD    =    2.22610291E-02
  MEAN RADIUS                    =   0.225866348    
 *****************************************************
 *****************************************************

  THE RADII THROUGH THE STAGE ARE -  
ROW 1 HUB RADIUS   0.2126  ROW 1 TIP RADIUS   0.2392  ROW 2 HUB RADIUS   0.2074  ROW 2 TIP RADIUS   0.2444


