 STAGE No, ROW No, No. BLADES           1           1 -2147483648
 STAGE No, ROW No, No. BLADES           1           2 -2147483648

 *****************************************************
  CONDITIONS FOR THE FIRST BLADE ROW OF THE STAGE. 
  THIS IS A TURBINE STATOR 
 *****************************************************
 FIRST BLADE INLET AND EXIT ANGLES   -16.6992550       66.5014877    
  FIRST BLADE AXIAL VELOCITY        0.00000000    
  FIRST BLADE INLET MACH NUMBER                NaN
  FIRST BLADE EXIT MACH NUMBER      0.00000000    
  FIRST BLADE EXIT DENSITY          2.42387533    
  FIRST BLADE EXIT PRESSURE         2.00000000    
  FIRST BLADE INLET STAGN PRESS                NaN
  FIRST BLADE EXIT STAGN PRESS      2.00000000    
  FIRST BLADE REL INLET STAG PRES              NaN
  FIRST BLADE EXIT TEMPERATURE      287.000000    
  FIRST BLADE EXIT STAGN TEMP       287.000000    
  FIRST BLADE TIP RADIUS =                     NaN
  FIRST BLADE INLET SPAN =                     NaN
  FIRST BLADE AXIAL CHORD=          5.00000007E-02
  FIRST BLADE ASPECT RATIO =                   NaN
  FIRST BLADE PITCH =                          NaN
 *****************************************************
  CONDITIONS FOR THE SECOND BLADE ROW OF THE STAGE.
  THIS IS A TURBINE ROTOR 
 *****************************************************
  SECOND BLADE INLET AND EXIT ANGLES    16.6992550      -66.5014877    
  SECOND BLADE AXIAL VELOCITY       0.00000000    
  SECOND BLADE INLET MACH NUMBER    0.00000000    
  SECOND BLADE EXIT MACH NUMBER     0.00000000    
  SECOND BLADE DENSITY                         NaN
  SECOND BLADE EXIT PRESSURE                   NaN
  SECOND BLADE INLET STAGN PRES.    2.00000000    
  SECOND BLADE REL INLET STAG PR.   2.00000000    
  SECOND BLADE ROW EXIT STAG PRES   2.00000000    
  SECOND BLADE TEMPERATURE                     NaN
  SECOND BLADE STAGN EXIT TEMP.     287.000000    
  SECOND BLADE TIP RADIUS =               Infinity
  SECOND BLADE EXIT SPAN =                Infinity
  SECOND BLADE AXIAL CHORD =        4.00000066E-02
  SECOND BLADE ASPECT RATIO=              Infinity
  SECOND BLADE PITCH =                         NaN
 *****************************************************
 *****************************************************

  THE RADII THROUGH THE STAGE ARE -  
ROW 1 HUB RADIUS      NaN  ROW 1 TIP RADIUS      NaN  ROW 2 HUB RADIUS     -Inf  ROW 2 TIP RADIUS Infinity


