  ********** NEW BLADE ROW **********
  LE THICKNESS / AXIAL CHORD            =    3.99999991E-02
  TE THICKNESS / AXIAL CHORD            =    3.99999991E-02
  MAXIMUM THICKNESS                     =   0.300000012    
  POINT OF MAXIMUM THICKNESS            =   0.449999988    
  STAGGER ANGLE                         =    21.1392574    
  STAGGER ANGLE                         =    21.1065331    
  STAGGER ANGLE                         =    21.0739326    
  ********** NEW BLADE ROW **********
  LE THICKNESS / CHORD                  =    3.99999991E-02
  TE THICKNESS / CHORD                  =    3.99999991E-02
  MAXIMUM THICKNESS                     =   0.250000000    
  POINT OF MAXIMUM THICKNESS            =   0.400000006    
  STAGGER ANGLE                         =   -21.0308475    
  STAGGER ANGLE                         =   -21.1065140    
  STAGGER ANGLE                         =   -21.1822739    
  ********** NEW BLADE ROW **********
  LE THICKNESS / AXIAL CHORD            =    3.99999991E-02
  TE THICKNESS / AXIAL CHORD            =    3.99999991E-02
  MAXIMUM THICKNESS                     =   0.300000012    
  POINT OF MAXIMUM THICKNESS            =   0.449999988    
  STAGGER ANGLE                         =    21.1392574    
  STAGGER ANGLE                         =    21.1065331    
  STAGGER ANGLE                         =    21.0739326    
  ********** NEW BLADE ROW **********
  LE THICKNESS / CHORD                  =    3.99999991E-02
  TE THICKNESS / CHORD                  =    3.99999991E-02
  MAXIMUM THICKNESS                     =   0.250000000    
  POINT OF MAXIMUM THICKNESS            =   0.400000006    
  STAGGER ANGLE                         =   -21.0308475    
  STAGGER ANGLE                         =   -21.1065140    
  STAGGER ANGLE                         =   -21.1822739    
