 STAGE No, ROW No, No. BLADES           1           1          24
 STAGE No, ROW No, No. BLADES           1           2          43

 *****************************************************
  CONDITIONS FOR THE FIRST BLADE ROW OF THE STAGE. 
  THIS IS A TURBINE STATOR 
 *****************************************************
 FIRST BLADE INLET AND EXIT ANGLES   -10.6196623       55.1755524    
  FIRST BLADE AXIAL VELOCITY        162.934891    
  FIRST BLADE INLET MACH NUMBER    0.455803424    
  FIRST BLADE EXIT MACH NUMBER     0.823081315    
  FIRST BLADE INLET PRESSURE     =    32.6798897    
  FIRST BLADE EXIT PRESSURE      =    22.5690098    
  FIRST BLADE INLET TEMPERATURE  =    317.973145    
  FIRST BLADE EXIT TEMPERATURE   =    288.857574    
  FIRST BLADE INLET ENTHALPY     =    294460.062    
  FIRST BLADE EXIT ENTHALPY      =    267497.500    
  FIRST BLADE INLET DENSITY      =    35.8041916    
  FIRST BLADE EXIT DENSITY       =    27.2190189    
  FIRST BLADE INLET STAGN PRESS  =    37.8600044    
  FIRST BLADE EXIT STAGN PRESS   =    35.6420784    
  FIRST BLADE TIP RADIUS         =   0.230098143    
  FIRST BLADE INLET SPAN         =    2.80147363E-02
  FIRST BLADE OUTLET SPAN        =    3.68508808E-02
  FIRST BLADE AXIAL SOLIDITY     =   0.905874014    
  FIRST BLADE ASPECT RATIO       =   0.648656189    
  FIRST_BLADE_AXIAL_CHORD        =    5.00000007E-02
  FIRST_BLADE_ROW_GAP_TO_CHORD   =   0.250000000    
  H1/Rm                          =   0.170527533    
 *****************************************************
  CONDITIONS FOR THE SECOND BLADE ROW OF THE STAGE.
  THIS IS A TURBINE ROTOR 
 *****************************************************
  SECOND BLADE INLET AND EXIT ANGLES    10.6196575      -55.1755562    
  SECOND BLADE AXIAL VELOCITY       162.934891    
  SECOND BLADE INLET MACH NUMBER   0.478223503    
  SECOND BLADE EXIT MACH NUMBER    0.867987752    
  SECOND BLADE INLET PRESSURE    =    22.5690098    
  SECOND BLADE EXIT PRESSURE     =    15.0812273    
  SECOND BLADE INLET TEMPERATURE =    288.857574    
  SECOND BLADE EXIT TEMPERATURE  =    259.741974    
  SECOND BLADE INLET ENTHALPY    =    267497.500    
  SECOND BLADE EXIT ENTHALPY     =    240534.906    
  SECOND BLADE INLET DENSITY     =    27.2190189    
  SECOND BLADE EXIT DENSITY      =    20.2273178    
  SECOND BLADE INLET STAGN PRESS =    35.6420784    
  SECOND BLADE EXIT STAGN PRESS  =    18.0414314    
  SECOND BLADE INLET REL. ST. P. =    26.5273914    
  SECOND BLADE EXIT REL ST. P.   =    24.9733486    
  SECOND BLADE TIP RADIUS        =   0.240878522    
  SECOND BLADE INLET SPAN        =    3.68508808E-02
  SECOND BLADE OUTLET SPAN       =    4.95886356E-02
  SECOND BLADE AXIAL SOLIDITY    =   0.905874014    
  SECOND BLADE ASPECT RATIO      =    1.54138839    
  SECOND_BLADE_AXIAL_CHORD       =    2.80395001E-02
  SECOND_BLADE_ROW_GAP_TO_CHORD  =   0.500000000    
  H1/Rm                          =   0.229471520    
  TE THICKNESS TO AXIAL CHORD    =    2.20781248E-02
  MEAN RADIUS                    =   0.216099307    
 *****************************************************
 *****************************************************

  THE RADII THROUGH THE STAGE ARE -  
ROW 1 HUB RADIUS   0.2021  ROW 1 TIP RADIUS   0.2301  ROW 2 HUB RADIUS   0.1977  ROW 2 TIP RADIUS   0.2345


