 STAGE No, ROW No, No. BLADES           1           1          84
 STAGE No, ROW No, No. BLADES           1           2         106

 *****************************************************
  CONDITIONS FOR THE FIRST BLADE ROW OF THE STAGE. 
  THIS IS A TURBINE STATOR 
 *****************************************************
 FIRST BLADE INLET AND EXIT ANGLES   -19.8552303       55.8139229    
  FIRST BLADE AXIAL VELOCITY        168.158859    
  FIRST BLADE INLET MACH NUMBER    0.493464768    
  FIRST BLADE EXIT MACH NUMBER     0.870012581    
  FIRST BLADE EXIT DENSITY          26.1705608    
  FIRST BLADE EXIT PRESSURE         21.3686638    
  FIRST BLADE INLET STAGN PRESS     37.8599892    
  FIRST BLADE EXIT STAGN PRESS      35.4620934    
  FIRST BLADE REL INLET STAG PRES   37.8599892    
  FIRST BLADE EXIT TEMPERATURE      284.451416    
  FIRST BLADE EXIT STAGN TEMP       332.810913    
  FIRST BLADE TIP RADIUS =         0.595305920    
  FIRST BLADE INLET SPAN =          1.32599776E-03
  FIRST BLADE AXIAL CHORD=          5.00000007E-02
  FIRST BLADE ASPECT RATIO =        2.65199542E-02
  FIRST BLADE PITCH =               4.40587439E-02
 *****************************************************
  CONDITIONS FOR THE SECOND BLADE ROW OF THE STAGE.
  THIS IS A TURBINE ROTOR 
 *****************************************************
  SECOND BLADE INLET AND EXIT ANGLES    19.8552265      -55.8139229    
  SECOND BLADE AXIAL VELOCITY       168.158859    
  SECOND BLADE INLET MACH NUMBER   0.519741893    
  SECOND BLADE EXIT MACH NUMBER    0.921867788    
  SECOND BLADE DENSITY              18.9432259    
  SECOND BLADE EXIT PRESSURE        13.7762814    
  SECOND BLADE INLET STAGN PRES.    35.4620934    
  SECOND BLADE REL INLET STAG PR.   25.8408451    
  SECOND BLADE ROW EXIT STAG PRES   17.0398426    
  SECOND BLADE TEMPERATURE          253.350540    
  SECOND BLADE STAGN EXIT TEMP.     270.609161    
  SECOND BLADE TIP RADIUS =        0.595790923    
  SECOND BLADE EXIT SPAN =          1.81129668E-03
  SECOND BLADE AXIAL CHORD =        4.00000066E-02
  SECOND BLADE ASPECT RATIO=        4.52824086E-02
  SECOND BLADE PITCH =              3.50776464E-02
 *****************************************************
 *****************************************************

  THE RADII THROUGH THE STAGE ARE -  
ROW 1 HUB RADIUS   0.5942  ROW 1 TIP RADIUS   0.5953  ROW 2 HUB RADIUS   0.5940  ROW 2 TIP RADIUS   0.5955


