 STAGE No, ROW No, No. BLADES           1           1          74
 STAGE No, ROW No, No. BLADES           1           2          90

 *****************************************************
  CONDITIONS FOR THE FIRST BLADE ROW OF THE STAGE. 
  THIS IS A TURBINE STATOR 
 *****************************************************
 FIRST BLADE INLET AND EXIT ANGLES    4.39870834       34.6951828    
  FIRST BLADE AXIAL VELOCITY        348.833069    
  FIRST BLADE INLET MACH NUMBER     1.05032909    
  FIRST BLADE EXIT MACH NUMBER      1.35516870    
  FIRST BLADE EXIT DENSITY          17.2079353    
  FIRST BLADE EXIT PRESSURE         11.6385355    
  FIRST BLADE INLET STAGN PRESS     37.8600006    
  FIRST BLADE EXIT STAGN PRESS      35.4620934    
  FIRST BLADE REL INLET STAG PRES   37.8600006    
  FIRST BLADE EXIT TEMPERATURE      235.620651    
  FIRST BLADE EXIT STAGN TEMP       332.810913    
  FIRST BLADE TIP RADIUS =         0.854407310    
  FIRST BLADE INLET SPAN =          6.64221472E-04
  FIRST BLADE AXIAL CHORD=          5.00000007E-02
  FIRST BLADE ASPECT RATIO =        1.32844290E-02
  FIRST BLADE PITCH =               7.18616173E-02
 *****************************************************
  CONDITIONS FOR THE SECOND BLADE ROW OF THE STAGE.
  THIS IS A TURBINE ROTOR 
 *****************************************************
  SECOND BLADE INLET AND EXIT ANGLES   -4.39870834      -34.6951828    
  SECOND BLADE AXIAL VELOCITY       348.833069    
  SECOND BLADE INLET MACH NUMBER    1.11750066    
  SECOND BLADE EXIT MACH NUMBER     1.45456243    
  SECOND BLADE DENSITY              11.7613049    
  SECOND BLADE EXIT PRESSURE        6.90473652    
  SECOND BLADE INLET STAGN PRES.    35.4620934    
  SECOND BLADE REL INLET STAG PR.   25.8408451    
  SECOND BLADE ROW EXIT STAG PRES   17.0398407    
  SECOND BLADE TEMPERATURE          204.519806    
  SECOND BLADE STAGN EXIT TEMP.     270.609161    
  SECOND BLADE TIP RADIUS =        0.854699254    
  SECOND BLADE EXIT SPAN =          9.56343021E-04
  SECOND BLADE AXIAL CHORD =        4.00000066E-02
  SECOND BLADE ASPECT RATIO=        2.39085723E-02
  SECOND BLADE PITCH =              5.93582056E-02
 *****************************************************
 *****************************************************

  THE RADII THROUGH THE STAGE ARE -  
ROW 1 HUB RADIUS   0.8539  ROW 1 TIP RADIUS   0.8544  ROW 2 HUB RADIUS   0.8537  ROW 2 TIP RADIUS   0.8545


