 STAGE No, ROW No, No. BLADES           1           1          86
 STAGE No, ROW No, No. BLADES           1           2         108

 *****************************************************
  CONDITIONS FOR THE FIRST BLADE ROW OF THE STAGE. 
  THIS IS A TURBINE STATOR 
 *****************************************************
 FIRST BLADE INLET AND EXIT ANGLES   -39.8056068       62.7839432    
  FIRST BLADE AXIAL VELOCITY        183.624146    
  FIRST BLADE INLET MACH NUMBER    0.674407065    
  FIRST BLADE EXIT MACH NUMBER      1.25565457    
  FIRST BLADE EXIT DENSITY          17.4546642    
  FIRST BLADE EXIT PRESSURE         12.3141623    
  FIRST BLADE INLET STAGN PRESS     37.8600082    
  FIRST BLADE EXIT STAGN PRESS      32.7458572    
  FIRST BLADE REL INLET STAG PRES   37.8600082    
  FIRST BLADE EXIT TEMPERATURE      245.774673    
  FIRST BLADE EXIT STAGN TEMP       332.810913    
  FIRST BLADE TIP RADIUS =         0.649960816    
  FIRST BLADE INLET SPAN =          1.47939450E-03
  FIRST BLADE AXIAL CHORD=          5.00000007E-02
  FIRST BLADE ASPECT RATIO =        2.95878891E-02
  FIRST BLADE PITCH =               4.69597876E-02
 *****************************************************
  CONDITIONS FOR THE SECOND BLADE ROW OF THE STAGE.
  THIS IS A TURBINE ROTOR 
 *****************************************************
  SECOND BLADE INLET AND EXIT ANGLES    39.8056107      -62.7839432    
  SECOND BLADE AXIAL VELOCITY       183.624146    
  SECOND BLADE INLET MACH NUMBER   0.747533500    
  SECOND BLADE EXIT MACH NUMBER     1.42966926    
  SECOND BLADE DENSITY              8.47101879    
  SECOND BLADE EXIT PRESSURE        4.60997057    
  SECOND BLADE INLET STAGN PRES.    32.7458572    
  SECOND BLADE REL INLET STAG PR.   18.0329094    
  SECOND BLADE ROW EXIT STAG PRES   7.49750233    
  SECOND BLADE TEMPERATURE          189.586014    
  SECOND BLADE STAGN EXIT TEMP.     220.433594    
  SECOND BLADE TIP RADIUS =        0.651407480    
  SECOND BLADE EXIT SPAN =          2.92694056E-03
  SECOND BLADE AXIAL CHORD =        4.00000066E-02
  SECOND BLADE ASPECT RATIO=        7.31735006E-02
  SECOND BLADE PITCH =              3.75897363E-02
 *****************************************************
 *****************************************************

  THE RADII THROUGH THE STAGE ARE -  
ROW 1 HUB RADIUS   0.6489  ROW 1 TIP RADIUS   0.6500  ROW 2 HUB RADIUS   0.6485  ROW 2 TIP RADIUS   0.6504


