 STAGE No, ROW No, No. BLADES           1           1          95
 STAGE No, ROW No, No. BLADES           1           2         115

 *****************************************************
  CONDITIONS FOR THE FIRST BLADE ROW OF THE STAGE. 
  THIS IS A TURBINE STATOR 
 *****************************************************
 FIRST BLADE INLET AND EXIT ANGLES   -29.9816628       53.3929710    
  FIRST BLADE AXIAL VELOCITY        265.234863    
  FIRST BLADE INLET MACH NUMBER    0.893734276    
  FIRST BLADE EXIT MACH NUMBER      1.45061946    
  FIRST BLADE EXIT DENSITY          14.4810877    
  FIRST BLADE EXIT PRESSURE         9.39417553    
  FIRST BLADE INLET STAGN PRESS     37.8599968    
  FIRST BLADE EXIT STAGN PRESS      32.7458649    
  FIRST BLADE REL INLET STAG PRES   37.8599968    
  FIRST BLADE EXIT TEMPERATURE      225.996262    
  FIRST BLADE EXIT STAGN TEMP       332.810913    
  FIRST BLADE TIP RADIUS =         0.649858892    
  FIRST BLADE INLET SPAN =          1.21912127E-03
  FIRST BLADE AXIAL CHORD=          5.00000007E-02
  FIRST BLADE ASPECT RATIO =        2.43824255E-02
  FIRST BLADE PITCH =               4.26559411E-02
 *****************************************************
  CONDITIONS FOR THE SECOND BLADE ROW OF THE STAGE.
  THIS IS A TURBINE ROTOR 
 *****************************************************
  SECOND BLADE INLET AND EXIT ANGLES    29.9816685      -53.3929672    
  SECOND BLADE AXIAL VELOCITY       265.234863    
  SECOND BLADE INLET MACH NUMBER   0.998676419    
  SECOND BLADE EXIT MACH NUMBER     1.67349887    
  SECOND BLADE DENSITY              6.62854433    
  SECOND BLADE EXIT PRESSURE        3.23095989    
  SECOND BLADE INLET STAGN PRES.    32.7458649    
  SECOND BLADE REL INLET STAG PR.   18.0329113    
  SECOND BLADE ROW EXIT STAG PRES   7.49750471    
  SECOND BLADE TEMPERATURE          169.807617    
  SECOND BLADE STAGN EXIT TEMP.     220.433594    
  SECOND BLADE TIP RADIUS =        0.651180446    
  SECOND BLADE EXIT SPAN =          2.54148082E-03
  SECOND BLADE AXIAL CHORD =        4.00000066E-02
  SECOND BLADE ASPECT RATIO=        6.35370091E-02
  SECOND BLADE PITCH =              3.52443457E-02
 *****************************************************
 *****************************************************

  THE RADII THROUGH THE STAGE ARE -  
ROW 1 HUB RADIUS   0.6490  ROW 1 TIP RADIUS   0.6499  ROW 2 HUB RADIUS   0.6486  ROW 2 TIP RADIUS   0.6502


