 STAGE No, ROW No, No. BLADES           1           1          40
 STAGE No, ROW No, No. BLADES           1           2          28

 *****************************************************
  CONDITIONS FOR THE FIRST BLADE ROW OF THE STAGE. 
  THIS IS A TURBINE STATOR 
 *****************************************************
 FIRST BLADE INLET AND EXIT ANGLES   -30.4655685       60.4612656    
  FIRST BLADE AXIAL VELOCITY        151.387589    
  FIRST BLADE INLET MACH NUMBER    0.484308153    
  FIRST BLADE EXIT MACH NUMBER     0.896683812    
  FIRST BLADE INLET PRESSURE     =    32.0809135    
  FIRST BLADE EXIT PRESSURE      =    20.5841789    
  FIRST BLADE INLET TEMPERATURE  =    316.155060    
  FIRST BLADE EXIT TEMPERATURE   =    281.901428    
  FIRST BLADE INLET ENTHALPY     =    292776.438    
  FIRST BLADE EXIT ENTHALPY      =    261055.750    
  FIRST BLADE INLET DENSITY      =    35.3500786    
  FIRST BLADE EXIT DENSITY       =    25.4378281    
  FIRST BLADE INLET STAGN PRESS  =    37.8600082    
  FIRST BLADE EXIT STAGN PRESS   =    35.1671486    
  FIRST BLADE TIP RADIUS         =   0.200129077    
  FIRST BLADE INLET SPAN         =    2.23250482E-02
  FIRST BLADE OUTLET SPAN        =    3.10243722E-02
  FIRST BLADE AXIAL SOLIDITY     =   0.762545526    
  FIRST BLADE ASPECT RATIO       =    1.20000219    
  FIRST_BLADE_AXIAL_CHORD        =    2.22288854E-02
  FIRST_BLADE_ROW_GAP_TO_CHORD   =   0.250000000    
  H1/Rm                          =   0.164173260    
 *****************************************************
  CONDITIONS FOR THE SECOND BLADE ROW OF THE STAGE.
  THIS IS A TURBINE ROTOR 
 *****************************************************
  SECOND BLADE INLET AND EXIT ANGLES    30.4655685      -60.4612656    
  SECOND BLADE AXIAL VELOCITY       151.387589    
  SECOND BLADE INLET MACH NUMBER   0.512888730    
  SECOND BLADE EXIT MACH NUMBER    0.956688941    
  SECOND BLADE INLET PRESSURE    =    20.5841789    
  SECOND BLADE EXIT PRESSURE     =    12.5886688    
  SECOND BLADE INLET TEMPERATURE =    281.901428    
  SECOND BLADE EXIT TEMPERATURE  =    247.647812    
  SECOND BLADE INLET ENTHALPY    =    261055.750    
  SECOND BLADE EXIT ENTHALPY     =    229335.062    
  SECOND BLADE INLET DENSITY     =    25.4378281    
  SECOND BLADE EXIT DENSITY      =    17.7087975    
  SECOND BLADE INLET STAGN PRESS =    35.1671486    
  SECOND BLADE EXIT STAGN PRESS  =    15.5302229    
  SECOND BLADE INLET REL. ST. P. =    24.7720413    
  SECOND BLADE EXIT REL ST. P.   =    23.0100842    
  SECOND BLADE TIP RADIUS        =   0.211242288    
  SECOND BLADE INLET SPAN        =    3.10243722E-02
  SECOND BLADE OUTLET SPAN       =    4.45650183E-02
  SECOND BLADE AXIAL SOLIDITY    =   0.762545526    
  SECOND BLADE ASPECT RATIO      =    1.19999456    
  SECOND_BLADE_AXIAL_CHORD       =    3.14957201E-02
  SECOND_BLADE_ROW_GAP_TO_CHORD  =   0.500000000    
  H1/Rm                          =   0.235826999    
  TE THICKNESS TO AXIAL CHORD    =    2.62279417E-02
  MEAN RADIUS                    =   0.188973352    
 *****************************************************
 *****************************************************

  THE RADII THROUGH THE STAGE ARE -  
ROW 1 HUB RADIUS   0.1778  ROW 1 TIP RADIUS   0.2001  ROW 2 HUB RADIUS   0.1735  ROW 2 TIP RADIUS   0.2045


