 STAGE No, ROW No, No. BLADES           1           1          79
 STAGE No, ROW No, No. BLADES           1           2          99

 *****************************************************
  CONDITIONS FOR THE FIRST BLADE ROW OF THE STAGE. 
  THIS IS A TURBINE STATOR 
 *****************************************************
 FIRST BLADE INLET AND EXIT ANGLES   -29.9816628       53.3929710    
  FIRST BLADE AXIAL VELOCITY        197.329773    
  FIRST BLADE INLET MACH NUMBER    0.639790356    
  FIRST BLADE EXIT MACH NUMBER     0.980704427    
  FIRST BLADE EXIT DENSITY          24.0171223    
  FIRST BLADE EXIT PRESSURE         18.8683167    
  FIRST BLADE INLET STAGN PRESS     37.8600044    
  FIRST BLADE EXIT STAGN PRESS      35.4621010    
  FIRST BLADE REL INLET STAG PRES   37.8600044    
  FIRST BLADE EXIT TEMPERATURE      273.688110    
  FIRST BLADE EXIT STAGN TEMP       332.810913    
  FIRST BLADE TIP RADIUS =         0.483810157    
  FIRST BLADE INLET SPAN =          1.51010952E-03
  FIRST BLADE AXIAL CHORD=          5.00000007E-02
  FIRST BLADE ASPECT RATIO =        3.02021895E-02
  FIRST BLADE PITCH =               3.80874611E-02
 *****************************************************
  CONDITIONS FOR THE SECOND BLADE ROW OF THE STAGE.
  THIS IS A TURBINE ROTOR 
 *****************************************************
  SECOND BLADE INLET AND EXIT ANGLES    29.9816685      -53.3929672    
  SECOND BLADE AXIAL VELOCITY       197.329773    
  SECOND BLADE INLET MACH NUMBER   0.675164223    
  SECOND BLADE EXIT MACH NUMBER     1.04167449    
  SECOND BLADE DENSITY              17.1982098    
  SECOND BLADE EXIT PRESSURE        11.9758816    
  SECOND BLADE INLET STAGN PRES.    35.4621010    
  SECOND BLADE REL INLET STAG PR.   25.8408375    
  SECOND BLADE ROW EXIT STAG PRES   17.0398426    
  SECOND BLADE TEMPERATURE          242.587280    
  SECOND BLADE STAGN EXIT TEMP.     270.609161    
  SECOND BLADE TIP RADIUS =        0.484383017    
  SECOND BLADE EXIT SPAN =          2.08331877E-03
  SECOND BLADE AXIAL CHORD =        4.00000066E-02
  SECOND BLADE ASPECT RATIO=        5.20829596E-02
  SECOND BLADE PITCH =              3.05482801E-02
 *****************************************************
 *****************************************************

  THE RADII THROUGH THE STAGE ARE -  
ROW 1 HUB RADIUS   0.4825  ROW 1 TIP RADIUS   0.4838  ROW 2 HUB RADIUS   0.4823  ROW 2 TIP RADIUS   0.4840


