 STAGE No, ROW No, No. BLADES           1           1          87
 STAGE No, ROW No, No. BLADES           1           2         109

 *****************************************************
  CONDITIONS FOR THE FIRST BLADE ROW OF THE STAGE. 
  THIS IS A TURBINE STATOR 
 *****************************************************
 FIRST BLADE INLET AND EXIT ANGLES   -14.0362549       45.5456963    
  FIRST BLADE AXIAL VELOCITY        242.896149    
  FIRST BLADE INLET MACH NUMBER    0.709954560    
  FIRST BLADE EXIT MACH NUMBER      1.03898573    
  FIRST BLADE EXIT DENSITY          22.8942509    
  FIRST BLADE EXIT PRESSURE         17.6034374    
  FIRST BLADE INLET STAGN PRESS     37.8600044    
  FIRST BLADE EXIT STAGN PRESS      35.4620934    
  FIRST BLADE REL INLET STAG PRES   37.8600044    
  FIRST BLADE EXIT TEMPERATURE      267.864288    
  FIRST BLADE EXIT STAGN TEMP       332.810913    
  FIRST BLADE TIP RADIUS =         0.595182002    
  FIRST BLADE INLET SPAN =          1.04335928E-03
  FIRST BLADE AXIAL CHORD=          5.00000007E-02
  FIRST BLADE ASPECT RATIO =        2.08671857E-02
  FIRST BLADE PITCH =               4.24956195E-02
 *****************************************************
  CONDITIONS FOR THE SECOND BLADE ROW OF THE STAGE.
  THIS IS A TURBINE ROTOR 
 *****************************************************
  SECOND BLADE INLET AND EXIT ANGLES    14.0362587      -45.5456963    
  SECOND BLADE AXIAL VELOCITY       242.896149    
  SECOND BLADE INLET MACH NUMBER   0.750038266    
  SECOND BLADE EXIT MACH NUMBER     1.10512078    
  SECOND BLADE DENSITY              16.2925892    
  SECOND BLADE EXIT PRESSURE        11.0728884    
  SECOND BLADE INLET STAGN PRES.    35.4620934    
  SECOND BLADE REL INLET STAG PR.   25.8408470    
  SECOND BLADE ROW EXIT STAG PRES   17.0398350    
  SECOND BLADE TEMPERATURE          236.763412    
  SECOND BLADE STAGN EXIT TEMP.     270.609161    
  SECOND BLADE TIP RADIUS =        0.595586061    
  SECOND BLADE EXIT SPAN =          1.44766551E-03
  SECOND BLADE AXIAL CHORD =        4.00000066E-02
  SECOND BLADE ASPECT RATIO=        3.61916311E-02
  SECOND BLADE PITCH =              3.42221744E-02
 *****************************************************
 *****************************************************

  THE RADII THROUGH THE STAGE ARE -  
ROW 1 HUB RADIUS   0.5943  ROW 1 TIP RADIUS   0.5952  ROW 2 HUB RADIUS   0.5941  ROW 2 TIP RADIUS   0.5953


