 STAGE No, ROW No, No. BLADES           1           1          72
 STAGE No, ROW No, No. BLADES           1           2          90

 *****************************************************
  CONDITIONS FOR THE FIRST BLADE ROW OF THE STAGE. 
  THIS IS A TURBINE STATOR 
 *****************************************************
 FIRST BLADE INLET AND EXIT ANGLES    4.39870834       34.6951828    
  FIRST BLADE AXIAL VELOCITY        468.873444    
  FIRST BLADE INLET MACH NUMBER     1.57828367    
  FIRST BLADE EXIT MACH NUMBER      2.22988391    
  FIRST BLADE EXIT DENSITY          6.45637035    
  FIRST BLADE EXIT PRESSURE         2.91377664    
  FIRST BLADE INLET STAGN PRESS     37.8600006    
  FIRST BLADE EXIT STAGN PRESS      32.7458649    
  FIRST BLADE REL INLET STAG PRES   37.8600006    
  FIRST BLADE EXIT TEMPERATURE      157.221359    
  FIRST BLADE EXIT STAGN TEMP       332.810913    
  FIRST BLADE TIP RADIUS =          1.14830601    
  FIRST BLADE INLET SPAN =          8.23761104E-04
  FIRST BLADE AXIAL CHORD=          5.00000007E-02
  FIRST BLADE ASPECT RATIO =        1.64752211E-02
  FIRST BLADE PITCH =              0.100000001    
 *****************************************************
  CONDITIONS FOR THE SECOND BLADE ROW OF THE STAGE.
  THIS IS A TURBINE ROTOR 
 *****************************************************
  SECOND BLADE INLET AND EXIT ANGLES   -4.39870834      -34.6951828    
  SECOND BLADE AXIAL VELOCITY       468.873444    
  SECOND BLADE INLET MACH NUMBER    1.83880937    
  SECOND BLADE EXIT MACH NUMBER     2.78167915    
  SECOND BLADE DENSITY              2.08660412    
  SECOND BLADE EXIT PRESSURE       0.605143368    
  SECOND BLADE INLET STAGN PRES.    32.7458649    
  SECOND BLADE REL INLET STAG PR.   18.0329056    
  SECOND BLADE ROW EXIT STAG PRES   7.49750185    
  SECOND BLADE TEMPERATURE          101.032707    
  SECOND BLADE STAGN EXIT TEMP.     220.433594    
  SECOND BLADE TIP RADIUS =         1.14982641    
  SECOND BLADE EXIT SPAN =          2.34508305E-03
  SECOND BLADE AXIAL CHORD =        4.00000066E-02
  SECOND BLADE ASPECT RATIO=        5.86270653E-02
  SECOND BLADE PITCH =              8.00000131E-02
 *****************************************************
 *****************************************************

  THE RADII THROUGH THE STAGE ARE -  
ROW 1 HUB RADIUS   1.1478  ROW 1 TIP RADIUS   1.1483  ROW 2 HUB RADIUS   1.1475  ROW 2 TIP RADIUS   1.1486


